ERROR:root:ValueError: X has 17 features, but StandardScaler is expecting 4434 features as input.
ERROR:root:ValueError: X has 17 features, but StandardScaler is expecting 4434 features as input.
ERROR:root:ValueError: X has 17 features, but StandardScaler is expecting 4434 features as input.
ERROR:root:ValueError: Missing drug names in the request.
ERROR:root:ValueError: X has 17 features, but StandardScaler is expecting 4434 features as input.
ERROR:root:ValueError: X has 17 features, but StandardScaler is expecting 4434 features as input.
ERROR:root:ValueError: X has 17 features, but StandardScaler is expecting 4434 features as input.
ERROR:root:ValueError: X has 17 features, but StandardScaler is expecting 4434 features as input.
ERROR:root:ValueError: X has 17 features, but StandardScaler is expecting 4434 features as input.
ERROR:root:ValueError: X has 17 features, but StandardScaler is expecting 4434 features as input.
ERROR:root:Error loading models or functions: [Errno 2] No such file or directory: 'interaction_classifier.pkl'
ERROR:root:Error loading models or functions: [Errno 2] No such file or directory: 'interaction_classifier.pkl'
ERROR:root:Error loading models or functions: [Errno 2] No such file or directory: 'interaction_classifier.pkl'
ERROR:root:Error loading models or functions: [Errno 2] No such file or directory: 'interaction_classifier.pkl'
ERROR:root:Error loading models or functions: [Errno 2] No such file or directory: 'interaction_classifier.pkl'
ERROR:root:Error loading models or functions: [Errno 2] No such file or directory: 'interaction_classifier.pkl'
ERROR:root:Error loading models or functions: [Errno 2] No such file or directory: 'interaction_classifier.pkl'
ERROR:root:Error loading models or functions: [Errno 2] No such file or directory: 'interaction_classifier.pkl'
ERROR:root:Error loading models or functions: [Errno 2] No such file or directory: 'interaction_classifier.pkl'
ERROR:root:Error loading models or functions: [Errno 2] No such file or directory: 'interaction_classifier.pkl'
ERROR:root:Error loading models or functions: [Errno 2] No such file or directory: 'interaction_classifier.pkl'
ERROR:root:Error loading models or functions: [Errno 2] No such file or directory: 'interaction_classifier.pkl'
ERROR:root:Error loading models or functions: [Errno 2] No such file or directory: 'interaction_classifier.pkl'
ERROR:root:Error loading models or functions: [Errno 2] No such file or directory: 'interaction_classifier.pkl'
ERROR:root:Error loading models or functions: [Errno 2] No such file or directory: 'interaction_classifier.pkl'
ERROR:root:Error loading models or functions: [Errno 2] No such file or directory: 'interaction_classifier.pkl'
ERROR:root:Error loading models or functions: [Errno 2] No such file or directory: 'interaction_classifier.pkl'
ERROR:root:Error loading models or functions: [Errno 2] No such file or directory: 'interaction_classifier.pkl'
ERROR:root:Error loading models or functions: [Errno 2] No such file or directory: 'interaction_classifier.pkl'
ERROR:root:Error loading models or functions: [Errno 2] No such file or directory: 'interaction_classifier.pkl'
ERROR:root:Error loading models or functions: [Errno 2] No such file or directory: 'interaction_classifier.pkl'
ERROR:root:Error loading models or functions: [Errno 2] No such file or directory: 'interaction_classifier.pkl'
ERROR:root:Error loading models or functions: [Errno 2] No such file or directory: 'interaction_classifier.pkl'
ERROR:root:Error loading models or functions: [Errno 2] No such file or directory: 'interaction_classifier.pkl'
ERROR:root:Error loading models or functions: [Errno 2] No such file or directory: 'interaction_classifier.pkl'
ERROR:root:Error loading models or functions: [Errno 2] No such file or directory: 'interaction_classifier.pkl'
ERROR:root:Error loading models or functions: [Errno 2] No such file or directory: 'interaction_classifier.pkl'
ERROR:root:Error loading models or functions: [Errno 2] No such file or directory: 'interaction_classifier.pkl'
ERROR:root:Error loading models or functions: [Errno 2] No such file or directory: 'interaction_classifier.pkl'
ERROR:root:Error loading models or functions: [Errno 2] No such file or directory: 'interaction_classifier.pkl'
ERROR:root:Error loading models or functions: [Errno 2] No such file or directory: 'interaction_classifier.pkl'
ERROR:root:Error loading models or functions: [Errno 2] No such file or directory: 'interaction_classifier.pkl'
ERROR:root:Error loading models or functions: [Errno 2] No such file or directory: 'interaction_classifier.pkl'
ERROR:root:Error loading models or functions: [Errno 2] No such file or directory: 'interaction_classifier.pkl'
ERROR:root:Error loading models or functions: [Errno 2] No such file or directory: 'interaction_classifier.pkl'
ERROR:root:Error loading models or functions: [Errno 2] No such file or directory: 'interaction_classifier.pkl'
ERROR:root:Error loading models or functions: [Errno 2] No such file or directory: 'interaction_classifier.pkl'
ERROR:root:Error loading models or functions: [Errno 2] No such file or directory: 'interaction_classifier.pkl'
ERROR:root:Error loading models or functions: [Errno 2] No such file or directory: 'interaction_classifier.pkl'
ERROR:root:Error loading models or functions: [Errno 2] No such file or directory: 'interaction_classifier.pkl'
ERROR:root:Error loading models or functions: [Errno 2] No such file or directory: 'interaction_classifier.pkl'
ERROR:root:Error loading models or functions: [Errno 2] No such file or directory: 'interaction_classifier.pkl'
ERROR:root:Error loading models or functions: [Errno 2] No such file or directory: 'interaction_classifier.pkl'
ERROR:root:Error loading models or functions: [Errno 2] No such file or directory: 'interaction_classifier.pkl'
ERROR:root:Error loading models or functions: [Errno 2] No such file or directory: 'interaction_classifier.pkl'
ERROR:root:Error loading models or functions: [Errno 2] No such file or directory: 'interaction_classifier.pkl'
ERROR:root:Error loading models or functions: [Errno 2] No such file or directory: 'interaction_classifier.pkl'
ERROR:root:Error loading models or functions: [Errno 2] No such file or directory: 'interaction_classifier.pkl'
ERROR:root:Error loading models or functions: [Errno 2] No such file or directory: 'interaction_classifier.pkl'
ERROR:root:Error loading models or functions: [Errno 2] No such file or directory: 'interaction_classifier.pkl'
ERROR:root:Error loading models or functions: [Errno 2] No such file or directory: 'interaction_classifier.pkl'
ERROR:root:Error loading models or functions: [Errno 2] No such file or directory: 'interaction_classifier.pkl'
ERROR:root:Error loading models or functions: [Errno 2] No such file or directory: 'interaction_classifier.pkl'
ERROR:root:Error loading models or functions: [Errno 2] No such file or directory: 'interaction_classifier.pkl'
ERROR:root:Error loading models or functions: [Errno 2] No such file or directory: 'interaction_classifier.pkl'
ERROR:root:Error loading models or functions: [Errno 2] No such file or directory: 'interaction_classifier.pkl'
ERROR:root:Error loading models or functions: [Errno 2] No such file or directory: 'interaction_classifier.pkl'
ERROR:root:Error loading models or functions: [Errno 2] No such file or directory: 'interaction_classifier.pkl'
ERROR:root:Error loading models or functions: [Errno 2] No such file or directory: 'interaction_classifier.pkl'
ERROR:root:Error loading models or functions: [Errno 2] No such file or directory: 'interaction_classifier.pkl'
ERROR:root:Error loading models or functions: [Errno 2] No such file or directory: 'interaction_classifier.pkl'
ERROR:root:Error loading models or functions: [Errno 2] No such file or directory: 'interaction_classifier.pkl'
ERROR:root:Error loading models or functions: [Errno 2] No such file or directory: 'interaction_classifier.pkl'
ERROR:root:Error loading models or functions: [Errno 2] No such file or directory: 'interaction_classifier.pkl'
ERROR:root:Error loading models or functions: [Errno 2] No such file or directory: 'interaction_classifier.pkl'
ERROR:root:Error loading models or functions: [Errno 2] No such file or directory: 'interaction_classifier.pkl'
ERROR:root:Error loading models or functions: [Errno 2] No such file or directory: 'interaction_classifier.pkl'
ERROR:root:Error loading models or functions: [Errno 2] No such file or directory: 'interaction_classifier.pkl'
ERROR:root:Error loading models or functions: [Errno 2] No such file or directory: 'interaction_classifier.pkl'
ERROR:root:Error loading models or functions: [Errno 2] No such file or directory: 'interaction_classifier.pkl'
ERROR:root:Error loading models or functions: [Errno 2] No such file or directory: 'interaction_classifier.pkl'
ERROR:root:Error loading models or functions: [Errno 2] No such file or directory: 'interaction_classifier.pkl'
ERROR:root:Error loading models or functions: [Errno 2] No such file or directory: 'interaction_classifier.pkl'
ERROR:root:Error loading models or functions: [Errno 2] No such file or directory: 'interaction_classifier.pkl'
ERROR:root:Error loading models or functions: [Errno 2] No such file or directory: 'interaction_classifier.pkl'
ERROR:root:Error loading models or functions: [Errno 2] No such file or directory: 'interaction_classifier.pkl'
ERROR:root:Error loading models or functions: [Errno 2] No such file or directory: 'interaction_classifier.pkl'
ERROR:root:Error loading models or functions: [Errno 2] No such file or directory: 'interaction_classifier.pkl'
ERROR:root:Error loading models or functions: [Errno 2] No such file or directory: 'interaction_classifier.pkl'
ERROR:root:Error loading models or functions: [Errno 2] No such file or directory: 'interaction_classifier.pkl'
ERROR:root:Error loading models or functions: [Errno 2] No such file or directory: 'interaction_classifier.pkl'
ERROR:root:Error loading models or functions: [Errno 2] No such file or directory: 'interaction_classifier.pkl'
ERROR:root:Error loading models or functions: [Errno 2] No such file or directory: 'interaction_classifier.pkl'
ERROR:root:Error loading models or functions: [Errno 2] No such file or directory: 'interaction_classifier.pkl'
ERROR:root:Error loading models or functions: [Errno 2] No such file or directory: 'interaction_classifier.pkl'
ERROR:root:Error loading models or functions: [Errno 2] No such file or directory: 'interaction_classifier.pkl'
ERROR:root:Error loading models or functions: [Errno 2] No such file or directory: 'interaction_classifier.pkl'
ERROR:root:Error loading models or functions: [Errno 2] No such file or directory: 'interaction_classifier.pkl'
ERROR:root:Error loading models or functions: [Errno 2] No such file or directory: 'interaction_classifier.pkl'
ERROR:root:Error loading models or functions: [Errno 2] No such file or directory: 'interaction_classifier.pkl'
ERROR:root:Error loading models or functions: [Errno 2] No such file or directory: 'interaction_classifier.pkl'
ERROR:root:Error loading models or functions: [Errno 2] No such file or directory: 'interaction_classifier.pkl'
ERROR:root:Error loading models or functions: [Errno 2] No such file or directory: 'interaction_classifier.pkl'
ERROR:root:Error loading models or functions: [Errno 2] No such file or directory: 'interaction_classifier.pkl'
ERROR:root:Error loading models or functions: [Errno 2] No such file or directory: 'interaction_classifier.pkl'
ERROR:root:Error loading models or functions: [Errno 2] No such file or directory: 'interaction_classifier.pkl'
ERROR:root:Error loading models or functions: [Errno 2] No such file or directory: 'interaction_classifier.pkl'
ERROR:root:Error loading models or functions: [Errno 2] No such file or directory: 'interaction_classifier.pkl'
ERROR:root:Error loading models or functions: [Errno 2] No such file or directory: 'interaction_classifier.pkl'
ERROR:root:Error loading models or functions: [Errno 2] No such file or directory: 'interaction_classifier.pkl'
ERROR:root:Error loading models or functions: [Errno 2] No such file or directory: 'interaction_classifier.pkl'
ERROR:root:Error loading models or functions: [Errno 2] No such file or directory: 'interaction_classifier.pkl'
ERROR:root:Error loading models or functions: [Errno 2] No such file or directory: 'interaction_classifier.pkl'
ERROR:root:Error loading models or functions: [Errno 2] No such file or directory: 'interaction_classifier.pkl'
ERROR:root:Error loading models or functions: [Errno 2] No such file or directory: 'interaction_classifier.pkl'
ERROR:root:Error loading models or functions: [Errno 2] No such file or directory: 'interaction_classifier.pkl'
ERROR:root:Error loading models or functions: [Errno 2] No such file or directory: 'interaction_classifier.pkl'
ERROR:root:Error loading models or functions: [Errno 2] No such file or directory: 'interaction_classifier.pkl'
ERROR:root:Error loading models or functions: [Errno 2] No such file or directory: 'interaction_classifier.pkl'
ERROR:root:Error loading models or functions: [Errno 2] No such file or directory: 'interaction_classifier.pkl'
ERROR:root:Error loading models or functions: [Errno 2] No such file or directory: 'interaction_classifier.pkl'
ERROR:root:Error loading models or functions: [Errno 2] No such file or directory: 'interaction_classifier.pkl'
ERROR:root:Error loading models or functions: [Errno 2] No such file or directory: 'interaction_classifier.pkl'
ERROR:root:Error loading models or functions: [Errno 2] No such file or directory: 'interaction_classifier.pkl'
ERROR:root:Error loading models or functions: [Errno 2] No such file or directory: 'interaction_classifier.pkl'
ERROR:root:Error loading models or functions: [Errno 2] No such file or directory: 'interaction_classifier.pkl'
ERROR:root:Error loading models or functions: [Errno 2] No such file or directory: 'interaction_classifier.pkl'
ERROR:root:Error loading models or functions: [Errno 2] No such file or directory: 'interaction_classifier.pkl'
ERROR:root:Error loading models or functions: [Errno 2] No such file or directory: 'interaction_classifier.pkl'
ERROR:root:Error loading models or functions: [Errno 2] No such file or directory: 'interaction_classifier.pkl'
ERROR:root:Error loading models or functions: [Errno 2] No such file or directory: 'interaction_classifier.pkl'
ERROR:root:Unexpected error: Object of type int64 is not JSON serializable
ERROR:root:Unexpected error: Object of type int64 is not JSON serializable
ERROR:root:ValueError: The truth value of an array with more than one element is ambiguous. Use a.any() or a.all()
ERROR:root:ValueError: The truth value of an array with more than one element is ambiguous. Use a.any() or a.all()
ERROR:root:ValueError: The truth value of an array with more than one element is ambiguous. Use a.any() or a.all()
ERROR:root:ValueError: The truth value of an array with more than one element is ambiguous. Use a.any() or a.all()
ERROR:root:ValueError: The truth value of an array with more than one element is ambiguous. Use a.any() or a.all()
